<?xml version="1.0" encoding="UTF-8"?>
<!-- Generated by org.testng.reporters.JUnitReportReporter -->
<testsuite name="TestNGSessions.InvocationCountConcept" tests="10" time="0.068" ignored="0" failures="0" timestamp="28 Oct 2019 22:42:22 GMT" skipped="0" hostname="savvy" errors="0">
  <testcase name="login" time="0.004" classname="TestNGSessions.InvocationCountConcept"/>
  <testcase name="login" time="0.003" classname="TestNGSessions.InvocationCountConcept"/>
  <testcase name="login" time="0.007" classname="TestNGSessions.InvocationCountConcept"/>
  <testcase name="login" time="0.035" classname="TestNGSessions.InvocationCountConcept"/>
  <testcase name="login" time="0.003" classname="TestNGSessions.InvocationCountConcept"/>
  <testcase name="login" time="0.003" classname="TestNGSessions.InvocationCountConcept"/>
  <testcase name="login" time="0.002" classname="TestNGSessions.InvocationCountConcept"/>
  <testcase name="login" time="0.003" classname="TestNGSessions.InvocationCountConcept"/>
  <testcase name="login" time="0.005" classname="TestNGSessions.InvocationCountConcept"/>
  <testcase name="login" time="0.003" classname="TestNGSessions.InvocationCountConcept"/>
</testsuite> <!-- TestNGSessions.InvocationCountConcept -->
