<?xml version="1.0" encoding="UTF-8"?>
<!-- Generated by org.testng.reporters.JUnitReportReporter -->
<testsuite name="TestNGSessions.LoginPageCase2" tests="2" time="10.824" ignored="0" failures="0" timestamp="29 Oct 2019 18:38:43 GMT" skipped="0" hostname="savvy" errors="0">
  <testcase name="loginPageTitleTest" time="10.589" classname="TestNGSessions.LoginPageCase2"/>
  <testcase name="signUpLinkTest" time="0.235" classname="TestNGSessions.LoginPageCase2"/>
</testsuite> <!-- TestNGSessions.LoginPageCase2 -->
