<?xml version="1.0" encoding="UTF-8"?>
<!-- Generated by org.testng.reporters.JUnitReportReporter -->
<testsuite name="TestNGSessions.HomePageTest" tests="2" time="0.020" ignored="1" failures="0" timestamp="28 Oct 2019 18:51:33 GMT" skipped="0" hostname="savvy" errors="0">
  <testcase name="homePageHeaderTest" time="0.005" classname="TestNGSessions.HomePageTest"/>
  <testcase name="homePageTitleTest" time="0.015" classname="TestNGSessions.HomePageTest"/>
  <testcase name="homePageLinkTest" classname="TestNGSessions.HomePageTest">
    <skipped/>
  </testcase> <!-- homePageLinkTest -->
</testsuite> <!-- TestNGSessions.HomePageTest -->
