<?xml version="1.0" encoding="UTF-8"?>
<!-- Generated by org.testng.reporters.JUnitReportReporter -->
<testsuite name="TestNGSessions.TestPriority" tests="4" time="0.048" ignored="0" failures="0" timestamp="28 Oct 2019 22:51:03 GMT" skipped="0" hostname="savvy" errors="0">
  <testcase name="homePageLinkTest" time="0.005" classname="TestNGSessions.TestPriority"/>
  <testcase name="homePageUserTest" time="0.005" classname="TestNGSessions.TestPriority"/>
  <testcase name="homePageHeaderTest" time="0.004" classname="TestNGSessions.TestPriority"/>
  <testcase name="homePageTitleTest" time="0.034" classname="TestNGSessions.TestPriority"/>
</testsuite> <!-- TestNGSessions.TestPriority -->
